[debug] [2024-10-11T10:36:55.627Z] ----------------------------------------------------------------------
[debug] [2024-10-11T10:36:55.629Z] Command:       /home/gitpod/.nvm/versions/node/v20.17.0/bin/node /home/gitpod/.nvm/versions/node/v20.17.0/bin/firebase init
[debug] [2024-10-11T10:36:55.629Z] CLI Version:   13.22.0
[debug] [2024-10-11T10:36:55.629Z] Platform:      linux
[debug] [2024-10-11T10:36:55.629Z] Node Version:  v20.17.0
[debug] [2024-10-11T10:36:55.630Z] Time:          Fri Oct 11 2024 10:36:55 GMT+0000 (Coordinated Universal Time)
[debug] [2024-10-11T10:36:55.630Z] ----------------------------------------------------------------------
[debug] 
[debug] [2024-10-11T10:36:55.634Z] > command requires scopes: ["email","openid","https://www.googleapis.com/auth/cloudplatformprojects.readonly","https://www.googleapis.com/auth/firebase","https://www.googleapis.com/auth/cloud-platform"]
[debug] [2024-10-11T10:36:55.634Z] > authorizing via signed-in user (richardleonard4505@gmail.com)
[info] 
     ######## #### ########  ######## ########     ###     ######  ########
     ##        ##  ##     ## ##       ##     ##  ##   ##  ##       ##
     ######    ##  ########  ######   ########  #########  ######  ######
     ##        ##  ##    ##  ##       ##     ## ##     ##       ## ##
     ##       #### ##     ## ######## ########  ##     ##  ######  ########

You're about to initialize a Firebase project in this directory:

  /workspace/Frisco-Music-App

Before we get started, keep in mind:

  * You are currently outside your home directory

